Circuit: * C:\Users\vignu\Documents\LTspiceXVII\Coilgun\Coilgun-1V02.asc

Limiting rise time of source v2 to 0.0001
Limiting fall time of source v2 to 0.0001
Limiting rise time of source v1 to 4e-005
Limiting fall time of source v1 to 4e-005
Direct Newton iteration for .op point succeeded.

Date: Sun Dec 12 21:12:04 2021
Total elapsed time: 0.598 seconds.

tnom = 27
temp = 27
method = modified trap
totiter = 20362
traniter = 20359
tranpoints = 10172
accept = 10131
rejected = 41
matrix size = 8
fillins = 0
solver = Normal
Matrix Compiler1: 210 bytes object code size  0.1/0.1/[0.1]
Matrix Compiler2: off  [0.1]/0.2/0.1

